<?xml version="1.0" encoding="UTF-8"?>
<testng-results ignored="0" total="1" passed="1" failed="0" skipped="0">
  <reporter-output>
  </reporter-output>
  <suite started-at="2021-07-15T22:58:25 IST" name="Default suite" finished-at="2021-07-15T22:58:34 IST" duration-ms="9208">
    <groups>
    </groups>
    <test started-at="2021-07-15T22:58:25 IST" name="Default test" finished-at="2021-07-15T22:58:34 IST" duration-ms="9208">
      <class name="scenarios.logout">
        <test-method signature="out()[pri:0, instance:scenarios.logout@40cb8df7]" started-at="2021-07-15T22:58:25 IST" name="out" finished-at="2021-07-15T22:58:34 IST" duration-ms="9139" status="PASS">
          <reporter-output>
          </reporter-output>
        </test-method> <!-- out -->
      </class> <!-- scenarios.logout -->
    </test> <!-- Default test -->
  </suite> <!-- Default suite -->
</testng-results>
